[00:01:08] [Server thread/INFO]: dangwiii was slain by Spider
[00:11:00] [Server thread/INFO]: dangwiii lost connection: Disconnected
[00:11:00] [Server thread/INFO]: dangwiii left the game
[09:54:22] [User Authenticator #48/INFO]: UUID of player dangwiii is ef0d6e51-7fcb-44d9-a7ab-87c349e66469
[09:54:23] [Server thread/INFO]: dangwiii[/120.230.16.154:14163] logged in with entity id 296588 at (120.57239576773566, 90.0, 26.388339028402253)
[09:54:23] [Server thread/INFO]: dangwiii joined the game
[09:54:38] [Server thread/INFO]: Syncmatica client joining with local version 0.3.8 and client version 0.3.8
[10:01:05] [Server thread/WARN]: Mismatch in destroy block pos: class_2338{x=44, y=79, z=-32} class_2338{x=47, y=78, z=-30}
[10:17:39] [Server thread/WARN]: dangwiii moved wrongly!
[10:54:51] [Server thread/INFO]: dangwiii lost connection: Disconnected
[10:54:51] [Server thread/INFO]: dangwiii left the game
[11:36:48] [User Authenticator #49/INFO]: UUID of player dangwiii is ef0d6e51-7fcb-44d9-a7ab-87c349e66469
[11:36:48] [Server thread/INFO]: dangwiii[/120.230.16.154:14120] logged in with entity id 308149 at (41.3913358267857, 76.0, -33.61608457513468)
[11:36:48] [Server thread/INFO]: dangwiii joined the game
[11:37:05] [Server thread/INFO]: Syncmatica client joining with local version 0.3.8 and client version 0.3.8
[11:56:51] [Server thread/INFO]: dangwiii lost connection: Disconnected
[11:56:51] [Server thread/INFO]: dangwiii left the game
[12:39:44] [User Authenticator #50/INFO]: UUID of player dangwiii is ef0d6e51-7fcb-44d9-a7ab-87c349e66469
[12:39:44] [Server thread/INFO]: dangwiii[/120.230.16.154:14019] logged in with entity id 310715 at (39.30000001192093, 73.0, -29.30000001192093)
[12:39:44] [Server thread/INFO]: dangwiii joined the game
[12:40:01] [Server thread/INFO]: Syncmatica client joining with local version 0.3.8 and client version 0.3.8
[13:02:51] [Server thread/INFO]: dangwiii lost connection: Disconnected
[13:02:51] [Server thread/INFO]: dangwiii left the game
[13:43:40] [User Authenticator #51/INFO]: UUID of player dangwiii is ef0d6e51-7fcb-44d9-a7ab-87c349e66469
[13:43:41] [Server thread/INFO]: dangwiii[/120.230.16.154:14105] logged in with entity id 315193 at (43.94741257107752, 76.0, -34.258258463881766)
[13:43:41] [Server thread/INFO]: dangwiii joined the game
[13:43:58] [Server thread/INFO]: Syncmatica client joining with local version 0.3.8 and client version 0.3.8
[13:46:43] [Server thread/WARN]: Mismatch in destroy block pos: class_2338{x=45, y=74, z=-31} class_2338{x=44, y=74, z=-31}
[15:01:16] [Server thread/INFO]: dangwiii lost connection: Disconnected
[15:01:16] [Server thread/INFO]: dangwiii left the game
[17:20:42] [User Authenticator #52/INFO]: UUID of player dangwiii is ef0d6e51-7fcb-44d9-a7ab-87c349e66469
[17:20:43] [Server thread/INFO]: dangwiii[/120.230.16.154:14134] logged in with entity id 335877 at (40.303705926763776, 74.0, -26.80925722347239)
[17:20:43] [Server thread/INFO]: dangwiii joined the game
[17:21:00] [Server thread/INFO]: Syncmatica client joining with local version 0.3.8 and client version 0.3.8
[17:30:08] [Server thread/WARN]: Mismatch in destroy block pos: class_2338{x=25, y=74, z=-40} class_2338{x=25, y=74, z=-41}
[17:30:08] [Server thread/WARN]: Mismatch in destroy block pos: class_2338{x=25, y=74, z=-40} class_2338{x=25, y=74, z=-41}
[17:30:08] [Server thread/WARN]: Mismatch in destroy block pos: class_2338{x=25, y=74, z=-40} class_2338{x=25, y=74, z=-41}
[17:30:08] [Server thread/WARN]: Mismatch in destroy block pos: class_2338{x=25, y=74, z=-40} class_2338{x=25, y=74, z=-41}
[17:31:17] [Server thread/INFO]: dangwiii lost connection: Disconnected
[17:31:17] [Server thread/INFO]: dangwiii left the game
[18:09:24] [User Authenticator #53/INFO]: UUID of player dangwiii is ef0d6e51-7fcb-44d9-a7ab-87c349e66469
[18:09:25] [Server thread/INFO]: dangwiii[/120.230.16.154:14119] logged in with entity id 338904 at (34.77677637929304, 76.0, -30.30000001192093)
[18:09:25] [Server thread/INFO]: dangwiii joined the game
[18:09:42] [Server thread/INFO]: Syncmatica client joining with local version 0.3.8 and client version 0.3.8
[18:16:24] [Server thread/INFO]: dangwiii lost connection: Disconnected
[18:16:24] [Server thread/INFO]: dangwiii left the game
[19:36:24] [User Authenticator #54/INFO]: UUID of player dangwiii is ef0d6e51-7fcb-44d9-a7ab-87c349e66469
[19:36:24] [Server thread/INFO]: dangwiii[/120.230.16.154:14320] logged in with entity id 340637 at (5.7123098344256125, 75.0, -27.69999998807907)
[19:36:24] [Server thread/INFO]: dangwiii joined the game
[19:36:41] [Server thread/INFO]: Syncmatica client joining with local version 0.3.8 and client version 0.3.8
[21:10:37] [Server thread/INFO]: dangwiii lost connection: Disconnected
[21:10:37] [Server thread/INFO]: dangwiii left the game
[22:04:26] [Server thread/INFO]: com.mojang.authlib.GameProfile@6643aa39[id=<null>,name=dangwiii,properties={},legacy=false] (/120.230.16.154:14082) lost connection: Disconnected
[22:04:36] [User Authenticator #55/INFO]: UUID of player dangwiii is ef0d6e51-7fcb-44d9-a7ab-87c349e66469
[22:04:37] [Server thread/INFO]: dangwiii[/120.230.16.154:14334] logged in with entity id 356021 at (2.708915676898273, 76.5, -27.752555178464146)
[22:04:37] [Server thread/INFO]: dangwiii joined the game
[22:04:55] [Server thread/INFO]: Syncmatica client joining with local version 0.3.8 and client version 0.3.8
[22:30:04] [Server thread/INFO]: dangwiii lost connection: Disconnected
[22:30:04] [Server thread/INFO]: dangwiii left the game
